
> rapidapp-frontend@1.0.0 start
> node server.js

🌐 Rapidapp Frontend Server running on http://localhost:3030
🎯 Ready to generate apps via AI!
🚀 New app generation request: A demo CRM app with authentication, dashboard, and notifications. Stack: nextjs-postgres...
AI analysis failed: FetchError: request to http://localhost:8001/v1/chat failed, reason: connect ECONNREFUSED 127.0.0.1:8001
    at ClientRequest.<anonymous> (file:///home/elic/Documents/Rapidapp/polished-manual-app-builder/frontend/node_modules/node-fetch/src/index.js:108:11)
    at ClientRequest.emit (node:events:536:35)
    at emitErrorEvent (node:_http_client:101:11)
    at Socket.socketErrorListener (node:_http_client:504:5)
    at Socket.emit (node:events:524:28)
    at emitErrorNT (node:internal/streams/destroy:169:8)
    at emitErrorCloseNT (node:internal/streams/destroy:128:3)
    at process.processTicksAndRejections (node:internal/process/task_queues:82:21) {
  type: 'system',
  errno: 'ECONNREFUSED',
  code: 'ECONNREFUSED',
  erroredSysCall: 'connect'
}
✅ App generation completed: app_1759239437220_s0i478jf5
✅ App generation completed for: app_1759239437220_s0i478jf5
🚀 New app generation request: A demo CRM app with authentication, dashboard, and notifications. Stack: nextjs-postgres...
AI analysis failed: FetchError: request to http://localhost:8001/v1/chat failed, reason: connect ECONNREFUSED 127.0.0.1:8001
    at ClientRequest.<anonymous> (file:///home/elic/Documents/Rapidapp/polished-manual-app-builder/frontend/node_modules/node-fetch/src/index.js:108:11)
    at ClientRequest.emit (node:events:536:35)
    at emitErrorEvent (node:_http_client:101:11)
    at Socket.socketErrorListener (node:_http_client:504:5)
    at Socket.emit (node:events:524:28)
    at emitErrorNT (node:internal/streams/destroy:169:8)
    at emitErrorCloseNT (node:internal/streams/destroy:128:3)
    at process.processTicksAndRejections (node:internal/process/task_queues:82:21) {
  type: 'system',
  errno: 'ECONNREFUSED',
  code: 'ECONNREFUSED',
  erroredSysCall: 'connect'
}
✅ App generation completed: app_1759239461988_s50lrtpuo
✅ App generation completed for: app_1759239461988_s50lrtpuo
